<?xml version="1.0" encoding="UTF-8"?>
<testsuite name="cscie88a.hw4.CoreFIExamplesTest" tests="4" skipped="0" failures="0" errors="0" timestamp="2020-02-29T01:14:05" hostname="Christophers-MacBook-Pro.local" time="0.072">
  <properties/>
  <testcase name="useFunctionToTrain()" classname="cscie88a.hw4.CoreFIExamplesTest" time="0.022"/>
  <testcase name="testSupplierAndConsumerForAdoption()" classname="cscie88a.hw4.CoreFIExamplesTest" time="0.02"/>
  <testcase name="testSupplierAndConsumer()" classname="cscie88a.hw4.CoreFIExamplesTest" time="0.01"/>
  <testcase name="testCalculations()" classname="cscie88a.hw4.CoreFIExamplesTest" time="0.016"/>
  <system-out><![CDATA[Sneaky says: fine, I'll do the trick... 
Sneaky says: fine, I'll do the trick... 
Run #0
supplied animal: cscie88a.hw4.CatFP@615299dd
SuppliedCat says: fine, I'll do the trick... 
I will accept this animal for training
Run #1
supplied animal: cscie88a.hw4.DogFP@29740c91
SuppliedDog says: Ok! I'll do the trick... 
I will accept this animal for training
Run #2
supplied animal: cscie88a.hw4.DogFP@3977af84
SuppliedDog says: Ok! I'll do the trick... 
I will accept this animal for training
Run #3
supplied animal: cscie88a.hw4.CatFP@4c9e5506
SuppliedCat says: fine, I'll do the trick... 
I will accept this animal for training
Run #4
supplied animal: cscie88a.hw4.CatFP@4af44dc8
SuppliedCat says: fine, I'll do the trick... 
I will accept this animal for training
Run #0
supplied animal: cscie88a.hw4.CatFP@79ea176a
We can accept this animal
Run #1
supplied animal: cscie88a.hw4.CatFP@11189f92
We can NOT accept this animal
Run #2
supplied animal: cscie88a.hw4.CatFP@3c5cbcea
We can NOT accept this animal
Run #3
supplied animal: cscie88a.hw4.CatFP@698c4a60
We can accept this animal
Run #4
supplied animal: cscie88a.hw4.CatFP@4074417c
We can NOT accept this animal
Calculated length for string: class --> 5
Calculated length for string: class --> 15
Calculated length for string: class --> 10
Calculated length for string: class --> 105
]]></system-out>
  <system-err><![CDATA[]]></system-err>
</testsuite>
