<?xml version='1.0' encoding='UTF-8'?>
<testsuite hostname="65cf0b3762ba" name="com.cscie88a.week3.DogTest" tests="9" errors="0" failures="0" skipped="0" time="0.11" timestamp="2020-04-17T02:18:27">
                     <properties>
      <property name="awt.toolkit" value="sun.awt.X11.XToolkit"/><property name="java.specification.version" value="11"/><property name="sun.cpu.isalist" value=""/><property name="sun.jnu.encoding" value="UTF-8"/><property name="sun.arch.data.model" value="64"/><property name="java.vendor.url" value="http://java.oracle.com/"/><property name="sun.boot.library.path" value="/usr/local/openjdk-11/lib"/><property name="sun.java.command" value="/usr/share/sbt/bin/sbt-launch.jar compile test"/><property name="jdk.debug" value="release"/><property name="java.specification.vendor" value="Oracle Corporation"/><property name="java.version.date" value="2019-10-15"/><property name="java.home" value="/usr/local/openjdk-11"/><property name="file.separator" value="/"/><property name="java.vm.compressedOopsMode" value="32-bit"/><property name="line.separator" value="
"/><property name="java.specification.name" value="Java Platform API Specification"/><property name="java.vm.specification.vendor" value="Oracle Corporation"/><property name="sun.management.compiler" value="HotSpot 64-Bit Tiered Compilers"/><property name="java.runtime.version" value="11.0.5+10"/><property name="user.name" value="root"/><property name="log4j.ignoreTCL" value="true"/><property name="file.encoding" value="UTF-8"/><property name="java.vendor.version" value="18.9"/><property name="java.io.tmpdir" value="/tmp"/><property name="java.version" value="11.0.5"/><property name="java.vm.specification.name" value="Java Virtual Machine Specification"/><property name="java.awt.printerjob" value="sun.print.PSPrinterJob"/><property name="sun.os.patch.level" value="unknown"/><property name="java.library.path" value="/usr/java/packages/lib:/usr/lib64:/lib64:/lib:/usr/lib"/><property name="java.vendor" value="Oracle Corporation"/><property name="scala.ext.dirs" value="/root/.sbt/0.13/java9-rt-ext-oracle_corporation_11_0_5"/><property name="sun.io.unicode.encoding" value="UnicodeLittle"/><property name="java.class.path" value="/usr/share/sbt/bin/sbt-launch.jar"/><property name="java.vm.vendor" value="Oracle Corporation"/><property name="jline.shutdownhook" value="false"/><property name="user.timezone" value="Etc/UTC"/><property name="os.name" value="Linux"/><property name="java.vm.specification.version" value="11"/><property name="sun.java.launcher" value="SUN_STANDARD"/><property name="sun.cpu.endian" value="little"/><property name="user.home" value="/root"/><property name="user.language" value="en"/><property name="swoval.tmpdir" value="/root/.sbt/1.0"/><property name="java.awt.graphicsenv" value="sun.awt.X11GraphicsEnvironment"/><property name="jline.esc.timeout" value="0"/><property name="path.separator" value=":"/><property name="os.version" value="4.19.76-linuxkit"/><property name="jna.nosys" value="true"/><property name="java.runtime.name" value="OpenJDK Runtime Environment"/><property name="java.vm.name" value="OpenJDK 64-Bit Server VM"/><property name="java.vendor.url.bug" value="http://bugreport.java.com/bugreport/"/><property name="user.dir" value="/fp-scala-homework"/><property name="os.arch" value="amd64"/><property name="java.vm.info" value="mixed mode"/><property name="java.vm.version" value="11.0.5+10"/><property name="java.class.version" value="55.0"/>
    </properties>
                     <testcase classname="com.cscie88a.week3.DogTest" name="Dog case class should create a Dog instance without using the new operator" time="0.088">
                                                 
                                               </testcase><testcase classname="com.cscie88a.week3.DogTest" name="Dog case class should have the correct age" time="0.0">
                                                 
                                               </testcase><testcase classname="com.cscie88a.week3.DogTest" name="Dog case class should indicate that a puppy needs training" time="0.003">
                                                 
                                               </testcase><testcase classname="com.cscie88a.week3.DogTest" name="Dog case class should indicate that an old dog does not need training" time="0.001">
                                                 
                                               </testcase><testcase classname="com.cscie88a.week3.DogTest" name="Dog case class should create a dog from comma separated values" time="0.009">
                                                 
                                               </testcase><testcase classname="com.cscie88a.week3.DogTest" name="DogAggregator should calculate average with ones" time="0.008">
                                                 
                                               </testcase><testcase classname="com.cscie88a.week3.DogTest" name="DogAggregator should calculate avg correctly for a single dog" time="0.0">
                                                 
                                               </testcase><testcase classname="com.cscie88a.week3.DogTest" name="DogAggregator should calculate avg correctly for 3 dogs" time="0.001">
                                                 
                                               </testcase><testcase classname="com.cscie88a.week3.DogTest" name="DogAggregator should add two dogs correctly" time="0.0">
                                                 
                                               </testcase>
                     <system-out><![CDATA[]]></system-out>
                     <system-err><![CDATA[]]></system-err>
                   </testsuite>